0 info it worked if it ends with ok
1 verbose cli [ '/usr/bin/nodejs', '/usr/bin/npm', 'run', 'exe32' ]
2 info using npm@2.15.11
3 info using node@v4.8.4
4 verbose run-script [ 'preexe32', 'exe32', 'postexe32' ]
5 info preexe32 huaxi@1.0.0
6 info exe32 huaxi@1.0.0
7 verbose unsafe-perm in lifecycle true
8 info huaxi@1.0.0 Failed to exec exe32 script
9 verbose stack Error: huaxi@1.0.0 exe32: `electron-packager . poopie --platform linux --arch ia32 --out dist/ --ignore "(dist|node_modules/electron.*)"`
9 verbose stack Exit status 137
9 verbose stack     at EventEmitter.<anonymous> (/usr/lib/node_modules/npm/lib/utils/lifecycle.js:217:16)
9 verbose stack     at emitTwo (events.js:87:13)
9 verbose stack     at EventEmitter.emit (events.js:172:7)
9 verbose stack     at ChildProcess.<anonymous> (/usr/lib/node_modules/npm/lib/utils/spawn.js:24:14)
9 verbose stack     at emitTwo (events.js:87:13)
9 verbose stack     at ChildProcess.emit (events.js:172:7)
9 verbose stack     at maybeClose (internal/child_process.js:862:16)
9 verbose stack     at Process.ChildProcess._handle.onexit (internal/child_process.js:222:5)
10 verbose pkgid huaxi@1.0.0
11 verbose cwd /home/pi/Desktop/huaxi2
12 error Linux 4.4.21-v7+
13 error argv "/usr/bin/nodejs" "/usr/bin/npm" "run" "exe32"
14 error node v4.8.4
15 error npm  v2.15.11
16 error code ELIFECYCLE
17 error huaxi@1.0.0 exe32: `electron-packager . poopie --platform linux --arch ia32 --out dist/ --ignore "(dist|node_modules/electron.*)"`
17 error Exit status 137
18 error Failed at the huaxi@1.0.0 exe32 script 'electron-packager . poopie --platform linux --arch ia32 --out dist/ --ignore "(dist|node_modules/electron.*)"'.
18 error This is most likely a problem with the huaxi package,
18 error not with npm itself.
18 error Tell the author that this fails on your system:
18 error     electron-packager . poopie --platform linux --arch ia32 --out dist/ --ignore "(dist|node_modules/electron.*)"
18 error You can get information on how to open an issue for this project with:
18 error     npm bugs huaxi
18 error Or if that isn't available, you can get their info via:
18 error
18 error     npm owner ls huaxi
18 error There is likely additional logging output above.
19 verbose exit [ 1, true ]
